Arguments: 
  E:\Program Files\nodejs\node.exe E:\Program Files (x86)\Yarn\bin\yarn.js add lodash

PATH: 
  C:\ProgramData\Oracle\Java\javapath;C:\Windows\system32;C:\Windows;C:\Windows\System32\Wbem;C:\Windows\System32\WindowsPowerShell\v1.0\;C:\Windows\System32\OpenSSH\;C:\Program Files (x86)\NVIDIA Corporation\PhysX\Common;C:\Program Files\NVIDIA Corporation\NVIDIA NvDLISR;C:\Program Files (x86)\Java\jdk1.8.0_40\bin;E:\Program Files\nodejs\;E:\Program Files\nodejs\node_global;C:\Program Files\Git\cmd;E:\Program Files (x86)\Yarn\bin\;C:\Users\ZH\AppData\Local\Microsoft\WindowsApps;C:\Users\ZH\AppData\Roaming\npm;C:\Users\ZH\AppData\Local\atom\bin;C:\Users\ZH\AppData\Local\Yarn\bin

Yarn version: 
  1.16.0

Node version: 
  8.9.0

Platform: 
  win32 x64

Trace: 
  Error: ENOENT: no such file or directory, copyfile 'C:\Users\ZH\AppData\Local\Yarn\Cache\v4\npm-fast-deep-equal-2.0.1-7b05218ddf9667bf7f370bf7fdb2cb15fdd0aa49\node_modules\fast-deep-equal\index.d.ts' -> 'E:\Program Files\nodejs\dva\myapp\node_modules\ajv-keywords\node_modules\fast-deep-equal\index.d.ts'

npm manifest: 
  {
    "private": true,
    "scripts": {
      "start": "roadhog server",
      "build": "roadhog build",
      "lint": "eslint --ext .js src test",
      "precommit": "npm run lint"
    },
    "dependencies": {
      "antd": "^3.20.0",
      "babel-plugin-import": "^1.12.0",
      "dva": "^2.4.1",
      "react": "^16.2.0",
      "react-dom": "^16.2.0"
    },
    "devDependencies": {
      "babel-plugin-dva-hmr": "^0.3.2",
      "eslint": "^4.14.0",
      "eslint-config-umi": "^0.1.1",
      "eslint-plugin-flowtype": "^2.34.1",
      "eslint-plugin-import": "^2.6.0",
      "eslint-plugin-jsx-a11y": "^5.1.1",
      "eslint-plugin-react": "^7.1.0",
      "husky": "^0.12.0",
      "redbox-react": "^1.4.3",
      "roadhog": "^2.5.0-beta.4"
    }
  }

yarn manifest: 
  No manifest

Lockfile: 
  No lockfile
